[coinpress.cc/index.html]
[backblue.gif]
[fade.gif]
[index.html]
[coinpress.cc/assets/app.css]
[www.google.com/recaptcha/api05cd.js]
[coinpress.cc/img/coinpress-logo.png]
[use.fontawesome.com/releases/v5.4.1/js/all.js]
[coinpress.cc/login.html]
[coinpress.cc/register.html]
[coinpress.cc/img/welcome-bg.png]
[coinpress.cc/privacy-policy.html]
[coinpress.cc/terms-of-service.html]
[coinpress.cc/index.html]
[coinpress.cc/assets/app.css]
[www.googletagmanager.com/gtm5445.html]
[coinpress.cc/assets/app.js]
[coinpress.cc/login.html]
[coinpress.cc/password/reset.html]
[coinpress.cc/register.html]
[coinpress.cc/coins/create431b.html]
[coinpress.cc/www.aboutads.info/choices]
[coinpress.cc/www.networkadvertising.org/choices]
[coinpress.cc/privacy-policy.html]
[coinpress.cc/terms-of-service.html]
[coinpress.cc/password/reset.html]
[coinpress.cc/coins/create431b.html]
[coinpress.cc/www.aboutads.info/choices.html]
[coinpress.cc/www.networkadvertising.org/choices.html]
